Copyright 1986-2018 Xilinx, Inc. All Rights Reserved.
--------------------------------------------------------------------------------------------------------------------------------------------------------------------
| Tool Version : Vivado v.2018.3 (win64) Build 2405991 Thu Dec  6 23:38:27 MST 2018
| Date         : Thu Feb 25 16:54:38 2021
| Host         : DESKTOP-TCT2VEG running 64-bit major release  (build 9200)
| Command      : report_methodology -file controller_methodology_drc_routed.rpt -pb controller_methodology_drc_routed.pb -rpx controller_methodology_drc_routed.rpx
| Design       : controller
| Device       : xc7z020clg484-1
| Speed File   : -1
| Design State : Fully Routed
--------------------------------------------------------------------------------------------------------------------------------------------------------------------

Report Methodology

Table of Contents
-----------------
1. REPORT SUMMARY
2. REPORT DETAILS

1. REPORT SUMMARY
-----------------
            Netlist: netlist
          Floorplan: design_1
      Design limits: <entire design considered>
             Max violations: <unlimited>
             Violations found: 116
+-----------+----------+-------------------------------+------------+
| Rule      | Severity | Description                   | Violations |
+-----------+----------+-------------------------------+------------+
| TIMING-18 | Warning  | Missing input or output delay | 11         |
| TIMING-20 | Warning  | Non-clocked latch             | 105        |
+-----------+----------+-------------------------------+------------+

2. REPORT DETAILS
-----------------
TIMING-18#1 Warning
Missing input or output delay  
An input delay is missing on next_num relative to clock(s) CLK
Related violations: <none>

TIMING-18#2 Warning
Missing input or output delay  
An input delay is missing on previous_num relative to clock(s) CLK
Related violations: <none>

TIMING-18#3 Warning
Missing input or output delay  
An input delay is missing on rst relative to clock(s) CLK
Related violations: <none>

TIMING-18#4 Warning
Missing input or output delay  
An input delay is missing on view_min_sec relative to clock(s) CLK
Related violations: <none>

TIMING-18#5 Warning
Missing input or output delay  
An input delay is missing on view_sort relative to clock(s) CLK
Related violations: <none>

TIMING-18#6 Warning
Missing input or output delay  
An output delay is missing on oled_dc relative to clock(s) CLK
Related violations: <none>

TIMING-18#7 Warning
Missing input or output delay  
An output delay is missing on oled_res relative to clock(s) CLK
Related violations: <none>

TIMING-18#8 Warning
Missing input or output delay  
An output delay is missing on oled_sclk relative to clock(s) CLK
Related violations: <none>

TIMING-18#9 Warning
Missing input or output delay  
An output delay is missing on oled_sdin relative to clock(s) CLK
Related violations: <none>

TIMING-18#10 Warning
Missing input or output delay  
An output delay is missing on oled_vbat relative to clock(s) CLK
Related violations: <none>

TIMING-18#11 Warning
Missing input or output delay  
An output delay is missing on oled_vdd relative to clock(s) CLK
Related violations: <none>

TIMING-20#1 Warning
Non-clocked latch  
The latch data0_reg[0] cannot be properly analyzed as its control pin data0_reg[0]/G is not reached by a timing clock
Related violations: <none>

TIMING-20#2 Warning
Non-clocked latch  
The latch data0_reg[1] cannot be properly analyzed as its control pin data0_reg[1]/G is not reached by a timing clock
Related violations: <none>

TIMING-20#3 Warning
Non-clocked latch  
The latch data0_reg[2] cannot be properly analyzed as its control pin data0_reg[2]/G is not reached by a timing clock
Related violations: <none>

TIMING-20#4 Warning
Non-clocked latch  
The latch data0_reg[3] cannot be properly analyzed as its control pin data0_reg[3]/G is not reached by a timing clock
Related violations: <none>

TIMING-20#5 Warning
Non-clocked latch  
The latch data0_reg[4] cannot be properly analyzed as its control pin data0_reg[4]/G is not reached by a timing clock
Related violations: <none>

TIMING-20#6 Warning
Non-clocked latch  
The latch data0_reg[5] cannot be properly analyzed as its control pin data0_reg[5]/G is not reached by a timing clock
Related violations: <none>

TIMING-20#7 Warning
Non-clocked latch  
The latch data0_reg[6] cannot be properly analyzed as its control pin data0_reg[6]/G is not reached by a timing clock
Related violations: <none>

TIMING-20#8 Warning
Non-clocked latch  
The latch data0_reg[7] cannot be properly analyzed as its control pin data0_reg[7]/G is not reached by a timing clock
Related violations: <none>

TIMING-20#9 Warning
Non-clocked latch  
The latch data1_reg[0] cannot be properly analyzed as its control pin data1_reg[0]/G is not reached by a timing clock
Related violations: <none>

TIMING-20#10 Warning
Non-clocked latch  
The latch data1_reg[1] cannot be properly analyzed as its control pin data1_reg[1]/G is not reached by a timing clock
Related violations: <none>

TIMING-20#11 Warning
Non-clocked latch  
The latch data1_reg[2] cannot be properly analyzed as its control pin data1_reg[2]/G is not reached by a timing clock
Related violations: <none>

TIMING-20#12 Warning
Non-clocked latch  
The latch data1_reg[3] cannot be properly analyzed as its control pin data1_reg[3]/G is not reached by a timing clock
Related violations: <none>

TIMING-20#13 Warning
Non-clocked latch  
The latch data1_reg[4] cannot be properly analyzed as its control pin data1_reg[4]/G is not reached by a timing clock
Related violations: <none>

TIMING-20#14 Warning
Non-clocked latch  
The latch data1_reg[5] cannot be properly analyzed as its control pin data1_reg[5]/G is not reached by a timing clock
Related violations: <none>

TIMING-20#15 Warning
Non-clocked latch  
The latch data1_reg[6] cannot be properly analyzed as its control pin data1_reg[6]/G is not reached by a timing clock
Related violations: <none>

TIMING-20#16 Warning
Non-clocked latch  
The latch data1_reg[7] cannot be properly analyzed as its control pin data1_reg[7]/G is not reached by a timing clock
Related violations: <none>

TIMING-20#17 Warning
Non-clocked latch  
The latch data2_reg[0] cannot be properly analyzed as its control pin data2_reg[0]/G is not reached by a timing clock
Related violations: <none>

TIMING-20#18 Warning
Non-clocked latch  
The latch data2_reg[1] cannot be properly analyzed as its control pin data2_reg[1]/G is not reached by a timing clock
Related violations: <none>

TIMING-20#19 Warning
Non-clocked latch  
The latch data2_reg[2] cannot be properly analyzed as its control pin data2_reg[2]/G is not reached by a timing clock
Related violations: <none>

TIMING-20#20 Warning
Non-clocked latch  
The latch data2_reg[3] cannot be properly analyzed as its control pin data2_reg[3]/G is not reached by a timing clock
Related violations: <none>

TIMING-20#21 Warning
Non-clocked latch  
The latch data2_reg[4] cannot be properly analyzed as its control pin data2_reg[4]/G is not reached by a timing clock
Related violations: <none>

TIMING-20#22 Warning
Non-clocked latch  
The latch data2_reg[5] cannot be properly analyzed as its control pin data2_reg[5]/G is not reached by a timing clock
Related violations: <none>

TIMING-20#23 Warning
Non-clocked latch  
The latch data2_reg[6] cannot be properly analyzed as its control pin data2_reg[6]/G is not reached by a timing clock
Related violations: <none>

TIMING-20#24 Warning
Non-clocked latch  
The latch data2_reg[7] cannot be properly analyzed as its control pin data2_reg[7]/G is not reached by a timing clock
Related violations: <none>

TIMING-20#25 Warning
Non-clocked latch  
The latch data3_reg[0] cannot be properly analyzed as its control pin data3_reg[0]/G is not reached by a timing clock
Related violations: <none>

TIMING-20#26 Warning
Non-clocked latch  
The latch data3_reg[1] cannot be properly analyzed as its control pin data3_reg[1]/G is not reached by a timing clock
Related violations: <none>

TIMING-20#27 Warning
Non-clocked latch  
The latch data3_reg[2] cannot be properly analyzed as its control pin data3_reg[2]/G is not reached by a timing clock
Related violations: <none>

TIMING-20#28 Warning
Non-clocked latch  
The latch data3_reg[3] cannot be properly analyzed as its control pin data3_reg[3]/G is not reached by a timing clock
Related violations: <none>

TIMING-20#29 Warning
Non-clocked latch  
The latch data3_reg[4] cannot be properly analyzed as its control pin data3_reg[4]/G is not reached by a timing clock
Related violations: <none>

TIMING-20#30 Warning
Non-clocked latch  
The latch data3_reg[5] cannot be properly analyzed as its control pin data3_reg[5]/G is not reached by a timing clock
Related violations: <none>

TIMING-20#31 Warning
Non-clocked latch  
The latch data3_reg[6] cannot be properly analyzed as its control pin data3_reg[6]/G is not reached by a timing clock
Related violations: <none>

TIMING-20#32 Warning
Non-clocked latch  
The latch data3_reg[7] cannot be properly analyzed as its control pin data3_reg[7]/G is not reached by a timing clock
Related violations: <none>

TIMING-20#33 Warning
Non-clocked latch  
The latch data4_reg[0] cannot be properly analyzed as its control pin data4_reg[0]/G is not reached by a timing clock
Related violations: <none>

TIMING-20#34 Warning
Non-clocked latch  
The latch data4_reg[1] cannot be properly analyzed as its control pin data4_reg[1]/G is not reached by a timing clock
Related violations: <none>

TIMING-20#35 Warning
Non-clocked latch  
The latch data4_reg[2] cannot be properly analyzed as its control pin data4_reg[2]/G is not reached by a timing clock
Related violations: <none>

TIMING-20#36 Warning
Non-clocked latch  
The latch data4_reg[3] cannot be properly analyzed as its control pin data4_reg[3]/G is not reached by a timing clock
Related violations: <none>

TIMING-20#37 Warning
Non-clocked latch  
The latch data4_reg[4] cannot be properly analyzed as its control pin data4_reg[4]/G is not reached by a timing clock
Related violations: <none>

TIMING-20#38 Warning
Non-clocked latch  
The latch data4_reg[5] cannot be properly analyzed as its control pin data4_reg[5]/G is not reached by a timing clock
Related violations: <none>

TIMING-20#39 Warning
Non-clocked latch  
The latch data4_reg[6] cannot be properly analyzed as its control pin data4_reg[6]/G is not reached by a timing clock
Related violations: <none>

TIMING-20#40 Warning
Non-clocked latch  
The latch data4_reg[7] cannot be properly analyzed as its control pin data4_reg[7]/G is not reached by a timing clock
Related violations: <none>

TIMING-20#41 Warning
Non-clocked latch  
The latch data5_reg[0] cannot be properly analyzed as its control pin data5_reg[0]/G is not reached by a timing clock
Related violations: <none>

TIMING-20#42 Warning
Non-clocked latch  
The latch data5_reg[1] cannot be properly analyzed as its control pin data5_reg[1]/G is not reached by a timing clock
Related violations: <none>

TIMING-20#43 Warning
Non-clocked latch  
The latch data5_reg[2] cannot be properly analyzed as its control pin data5_reg[2]/G is not reached by a timing clock
Related violations: <none>

TIMING-20#44 Warning
Non-clocked latch  
The latch data5_reg[3] cannot be properly analyzed as its control pin data5_reg[3]/G is not reached by a timing clock
Related violations: <none>

TIMING-20#45 Warning
Non-clocked latch  
The latch data5_reg[4] cannot be properly analyzed as its control pin data5_reg[4]/G is not reached by a timing clock
Related violations: <none>

TIMING-20#46 Warning
Non-clocked latch  
The latch data5_reg[5] cannot be properly analyzed as its control pin data5_reg[5]/G is not reached by a timing clock
Related violations: <none>

TIMING-20#47 Warning
Non-clocked latch  
The latch data5_reg[6] cannot be properly analyzed as its control pin data5_reg[6]/G is not reached by a timing clock
Related violations: <none>

TIMING-20#48 Warning
Non-clocked latch  
The latch data5_reg[7] cannot be properly analyzed as its control pin data5_reg[7]/G is not reached by a timing clock
Related violations: <none>

TIMING-20#49 Warning
Non-clocked latch  
The latch index_reg[0] cannot be properly analyzed as its control pin index_reg[0]/G is not reached by a timing clock
Related violations: <none>

TIMING-20#50 Warning
Non-clocked latch  
The latch index_reg[1] cannot be properly analyzed as its control pin index_reg[1]/G is not reached by a timing clock
Related violations: <none>

TIMING-20#51 Warning
Non-clocked latch  
The latch index_reg[2] cannot be properly analyzed as its control pin index_reg[2]/G is not reached by a timing clock
Related violations: <none>

TIMING-20#52 Warning
Non-clocked latch  
The latch leds_reg[0] cannot be properly analyzed as its control pin leds_reg[0]/G is not reached by a timing clock
Related violations: <none>

TIMING-20#53 Warning
Non-clocked latch  
The latch leds_reg[1] cannot be properly analyzed as its control pin leds_reg[1]/G is not reached by a timing clock
Related violations: <none>

TIMING-20#54 Warning
Non-clocked latch  
The latch leds_reg[2] cannot be properly analyzed as its control pin leds_reg[2]/G is not reached by a timing clock
Related violations: <none>

TIMING-20#55 Warning
Non-clocked latch  
The latch leds_reg[3] cannot be properly analyzed as its control pin leds_reg[3]/G is not reached by a timing clock
Related violations: <none>

TIMING-20#56 Warning
Non-clocked latch  
The latch leds_reg[4] cannot be properly analyzed as its control pin leds_reg[4]/G is not reached by a timing clock
Related violations: <none>

TIMING-20#57 Warning
Non-clocked latch  
The latch leds_reg[5] cannot be properly analyzed as its control pin leds_reg[5]/G is not reached by a timing clock
Related violations: <none>

TIMING-20#58 Warning
Non-clocked latch  
The latch num0_reg[0] cannot be properly analyzed as its control pin num0_reg[0]/G is not reached by a timing clock
Related violations: <none>

TIMING-20#59 Warning
Non-clocked latch  
The latch num0_reg[1] cannot be properly analyzed as its control pin num0_reg[1]/G is not reached by a timing clock
Related violations: <none>

TIMING-20#60 Warning
Non-clocked latch  
The latch num0_reg[2] cannot be properly analyzed as its control pin num0_reg[2]/G is not reached by a timing clock
Related violations: <none>

TIMING-20#61 Warning
Non-clocked latch  
The latch num0_reg[3] cannot be properly analyzed as its control pin num0_reg[3]/G is not reached by a timing clock
Related violations: <none>

TIMING-20#62 Warning
Non-clocked latch  
The latch num0_reg[4] cannot be properly analyzed as its control pin num0_reg[4]/G is not reached by a timing clock
Related violations: <none>

TIMING-20#63 Warning
Non-clocked latch  
The latch num0_reg[5] cannot be properly analyzed as its control pin num0_reg[5]/G is not reached by a timing clock
Related violations: <none>

TIMING-20#64 Warning
Non-clocked latch  
The latch num0_reg[6] cannot be properly analyzed as its control pin num0_reg[6]/G is not reached by a timing clock
Related violations: <none>

TIMING-20#65 Warning
Non-clocked latch  
The latch num0_reg[7] cannot be properly analyzed as its control pin num0_reg[7]/G is not reached by a timing clock
Related violations: <none>

TIMING-20#66 Warning
Non-clocked latch  
The latch num1_reg[0] cannot be properly analyzed as its control pin num1_reg[0]/G is not reached by a timing clock
Related violations: <none>

TIMING-20#67 Warning
Non-clocked latch  
The latch num1_reg[1] cannot be properly analyzed as its control pin num1_reg[1]/G is not reached by a timing clock
Related violations: <none>

TIMING-20#68 Warning
Non-clocked latch  
The latch num1_reg[2] cannot be properly analyzed as its control pin num1_reg[2]/G is not reached by a timing clock
Related violations: <none>

TIMING-20#69 Warning
Non-clocked latch  
The latch num1_reg[3] cannot be properly analyzed as its control pin num1_reg[3]/G is not reached by a timing clock
Related violations: <none>

TIMING-20#70 Warning
Non-clocked latch  
The latch num1_reg[4] cannot be properly analyzed as its control pin num1_reg[4]/G is not reached by a timing clock
Related violations: <none>

TIMING-20#71 Warning
Non-clocked latch  
The latch num1_reg[5] cannot be properly analyzed as its control pin num1_reg[5]/G is not reached by a timing clock
Related violations: <none>

TIMING-20#72 Warning
Non-clocked latch  
The latch num1_reg[6] cannot be properly analyzed as its control pin num1_reg[6]/G is not reached by a timing clock
Related violations: <none>

TIMING-20#73 Warning
Non-clocked latch  
The latch num1_reg[7] cannot be properly analyzed as its control pin num1_reg[7]/G is not reached by a timing clock
Related violations: <none>

TIMING-20#74 Warning
Non-clocked latch  
The latch num2_reg[0] cannot be properly analyzed as its control pin num2_reg[0]/G is not reached by a timing clock
Related violations: <none>

TIMING-20#75 Warning
Non-clocked latch  
The latch num2_reg[1] cannot be properly analyzed as its control pin num2_reg[1]/G is not reached by a timing clock
Related violations: <none>

TIMING-20#76 Warning
Non-clocked latch  
The latch num2_reg[2] cannot be properly analyzed as its control pin num2_reg[2]/G is not reached by a timing clock
Related violations: <none>

TIMING-20#77 Warning
Non-clocked latch  
The latch num2_reg[3] cannot be properly analyzed as its control pin num2_reg[3]/G is not reached by a timing clock
Related violations: <none>

TIMING-20#78 Warning
Non-clocked latch  
The latch num2_reg[4] cannot be properly analyzed as its control pin num2_reg[4]/G is not reached by a timing clock
Related violations: <none>

TIMING-20#79 Warning
Non-clocked latch  
The latch num2_reg[5] cannot be properly analyzed as its control pin num2_reg[5]/G is not reached by a timing clock
Related violations: <none>

TIMING-20#80 Warning
Non-clocked latch  
The latch num2_reg[6] cannot be properly analyzed as its control pin num2_reg[6]/G is not reached by a timing clock
Related violations: <none>

TIMING-20#81 Warning
Non-clocked latch  
The latch num2_reg[7] cannot be properly analyzed as its control pin num2_reg[7]/G is not reached by a timing clock
Related violations: <none>

TIMING-20#82 Warning
Non-clocked latch  
The latch num3_reg[0] cannot be properly analyzed as its control pin num3_reg[0]/G is not reached by a timing clock
Related violations: <none>

TIMING-20#83 Warning
Non-clocked latch  
The latch num3_reg[1] cannot be properly analyzed as its control pin num3_reg[1]/G is not reached by a timing clock
Related violations: <none>

TIMING-20#84 Warning
Non-clocked latch  
The latch num3_reg[2] cannot be properly analyzed as its control pin num3_reg[2]/G is not reached by a timing clock
Related violations: <none>

TIMING-20#85 Warning
Non-clocked latch  
The latch num3_reg[3] cannot be properly analyzed as its control pin num3_reg[3]/G is not reached by a timing clock
Related violations: <none>

TIMING-20#86 Warning
Non-clocked latch  
The latch num3_reg[4] cannot be properly analyzed as its control pin num3_reg[4]/G is not reached by a timing clock
Related violations: <none>

TIMING-20#87 Warning
Non-clocked latch  
The latch num3_reg[5] cannot be properly analyzed as its control pin num3_reg[5]/G is not reached by a timing clock
Related violations: <none>

TIMING-20#88 Warning
Non-clocked latch  
The latch num3_reg[6] cannot be properly analyzed as its control pin num3_reg[6]/G is not reached by a timing clock
Related violations: <none>

TIMING-20#89 Warning
Non-clocked latch  
The latch num3_reg[7] cannot be properly analyzed as its control pin num3_reg[7]/G is not reached by a timing clock
Related violations: <none>

TIMING-20#90 Warning
Non-clocked latch  
The latch num4_reg[0] cannot be properly analyzed as its control pin num4_reg[0]/G is not reached by a timing clock
Related violations: <none>

TIMING-20#91 Warning
Non-clocked latch  
The latch num4_reg[1] cannot be properly analyzed as its control pin num4_reg[1]/G is not reached by a timing clock
Related violations: <none>

TIMING-20#92 Warning
Non-clocked latch  
The latch num4_reg[2] cannot be properly analyzed as its control pin num4_reg[2]/G is not reached by a timing clock
Related violations: <none>

TIMING-20#93 Warning
Non-clocked latch  
The latch num4_reg[3] cannot be properly analyzed as its control pin num4_reg[3]/G is not reached by a timing clock
Related violations: <none>

TIMING-20#94 Warning
Non-clocked latch  
The latch num4_reg[4] cannot be properly analyzed as its control pin num4_reg[4]/G is not reached by a timing clock
Related violations: <none>

TIMING-20#95 Warning
Non-clocked latch  
The latch num4_reg[5] cannot be properly analyzed as its control pin num4_reg[5]/G is not reached by a timing clock
Related violations: <none>

TIMING-20#96 Warning
Non-clocked latch  
The latch num4_reg[6] cannot be properly analyzed as its control pin num4_reg[6]/G is not reached by a timing clock
Related violations: <none>

TIMING-20#97 Warning
Non-clocked latch  
The latch num4_reg[7] cannot be properly analyzed as its control pin num4_reg[7]/G is not reached by a timing clock
Related violations: <none>

TIMING-20#98 Warning
Non-clocked latch  
The latch num5_reg[0] cannot be properly analyzed as its control pin num5_reg[0]/G is not reached by a timing clock
Related violations: <none>

TIMING-20#99 Warning
Non-clocked latch  
The latch num5_reg[1] cannot be properly analyzed as its control pin num5_reg[1]/G is not reached by a timing clock
Related violations: <none>

TIMING-20#100 Warning
Non-clocked latch  
The latch num5_reg[2] cannot be properly analyzed as its control pin num5_reg[2]/G is not reached by a timing clock
Related violations: <none>

TIMING-20#101 Warning
Non-clocked latch  
The latch num5_reg[3] cannot be properly analyzed as its control pin num5_reg[3]/G is not reached by a timing clock
Related violations: <none>

TIMING-20#102 Warning
Non-clocked latch  
The latch num5_reg[4] cannot be properly analyzed as its control pin num5_reg[4]/G is not reached by a timing clock
Related violations: <none>

TIMING-20#103 Warning
Non-clocked latch  
The latch num5_reg[5] cannot be properly analyzed as its control pin num5_reg[5]/G is not reached by a timing clock
Related violations: <none>

TIMING-20#104 Warning
Non-clocked latch  
The latch num5_reg[6] cannot be properly analyzed as its control pin num5_reg[6]/G is not reached by a timing clock
Related violations: <none>

TIMING-20#105 Warning
Non-clocked latch  
The latch num5_reg[7] cannot be properly analyzed as its control pin num5_reg[7]/G is not reached by a timing clock
Related violations: <none>


