Vivado Simulator 2018.3
Copyright 1986-1999, 2001-2018 Xilinx, Inc. All Rights Reserved.
Running: C:/Application/Xilinx/Vivado/2018.3/bin/unwrapped/win64.o/xelab.exe -wto f75f110fb4ab430fb007a5e286354ed3 --incr --debug typical --relax --mt 2 -L xil_defaultlib -L secureip --snapshot testbench_behav xil_defaultlib.testbench -log elaborate.log 
Using 2 slave threads.
Starting static elaboration
Completed static elaboration
Starting simulation data flow analysis
Completed simulation data flow analysis
Time Resolution for simulation is 1ps
Compiling package std.standard
Compiling package std.textio
Compiling package ieee.std_logic_1164
Compiling package ieee.std_logic_arith
Compiling package ieee.std_logic_unsigned
Compiling architecture behavioral of entity xil_defaultlib.spi_ctrl [spi_ctrl_default]
Compiling architecture behavioral of entity xil_defaultlib.delay [delay_default]
Compiling architecture behavioral of entity xil_defaultlib.OLED_init [oled_init_default]
Compiling architecture behavioral of entity xil_defaultlib.ascii_memory [ascii_memory_default]
Compiling architecture behavioral of entity xil_defaultlib.OLED_show [oled_show_default]
Compiling architecture behavioral of entity xil_defaultlib.debounce [debounce_default]
Compiling architecture beh of entity xil_defaultlib.comparer_B [comparer_b_default]
Compiling architecture behavioral of entity xil_defaultlib.min_chose_4_2_C [min_chose_4_2_c_default]
Compiling architecture behavioral of entity xil_defaultlib.min_secmin_C [min_secmin_c_default]
Compiling architecture behavioral of entity xil_defaultlib.sort_A [sort_a_default]
Compiling architecture behavioral of entity xil_defaultlib.controller [controller_default]
Compiling architecture behavioral of entity xil_defaultlib.testbench
Built simulation snapshot testbench_behav
